This file contains any messages produced by compilers while
running configure, to aid debugging if configure makes a mistake.

It was created by GNU C Library configure (see version.h), which was
generated by GNU Autoconf 2.68.  Invocation command line was

  $ /home/sekwon/strata_sekwon/shim/glibc-2.19/configure --prefix=/home/sekwon/strata_sekwon/shim/glibc-build --with-tls --enable-add-ons=nptl --without-selinux --disable-test --disable-nscd

## --------- ##
## Platform. ##
## --------- ##

hostname = pune-lom
uname -m = x86_64
uname -r = 4.13.0+
uname -s = Linux
uname -v = #15 SMP Thu Oct 18 07:18:09 CDT 2018

/usr/bin/uname -p = unknown
/bin/uname -X     = unknown

/bin/arch              = unknown
/usr/bin/arch -k       = unknown
/usr/convex/getsysinfo = unknown
/usr/bin/hostinfo      = unknown
/bin/machine           = unknown
/usr/bin/oslevel       = unknown
/bin/universe          = unknown

PATH: /home/sekwon/bin
PATH: /home/sekwon/.local/bin
PATH: /usr/local/sbin
PATH: /usr/local/bin
PATH: /usr/sbin
PATH: /usr/bin
PATH: /sbin
PATH: /bin
PATH: /usr/games
PATH: /usr/local/games
PATH: /snap/bin
PATH: /usr/lib/jvm/java-8-oracle/bin
PATH: /usr/lib/jvm/java-8-oracle/db/bin
PATH: /usr/lib/jvm/java-8-oracle/jre/bin


## ----------- ##
## Core tests. ##
## ----------- ##

configure:2344: checking build system type
configure:2358: result: x86_64-unknown-linux-gnu
configure:2378: checking host system type
configure:2391: result: x86_64-unknown-linux-gnu
configure:2460: checking for gcc
configure:2476: found /usr/bin/gcc
configure:2487: result: gcc
configure:2716: checking for C compiler version
configure:2725: gcc --version >&5
gcc (Ubuntu 5.5.0-12ubuntu1~16.04) 5.5.0 20171010
Copyright (C) 2015 Free Software Foundation, Inc.
This is free software; see the source for copying conditions.  There is NO
warranty; not even for MERCHANTABILITY or FITNESS FOR A PARTICULAR PURPOSE.

configure:2736: $? = 0
configure:2725: gcc -v >&5
Using built-in specs.
COLLECT_GCC=gcc
COLLECT_LTO_WRAPPER=/usr/lib/gcc/x86_64-linux-gnu/5/lto-wrapper
Target: x86_64-linux-gnu
Configured with: ../src/configure -v --with-pkgversion='Ubuntu 5.5.0-12ubuntu1~16.04' --with-bugurl=file:///usr/share/doc/gcc-5/README.Bugs --enable-languages=c,ada,c++,java,go,d,fortran,objc,obj-c++ --prefix=/usr --program-suffix=-5 --enable-shared --enable-linker-build-id --libexecdir=/usr/lib --without-included-gettext --enable-threads=posix --libdir=/usr/lib --enable-nls --with-sysroot=/ --enable-clocale=gnu --enable-libstdcxx-debug --enable-libstdcxx-time=yes --with-default-libstdcxx-abi=new --enable-gnu-unique-object --disable-vtable-verify --enable-libmpx --enable-plugin --with-system-zlib --disable-browser-plugin --enable-java-awt=gtk --enable-gtk-cairo --with-java-home=/usr/lib/jvm/java-1.5.0-gcj-5-amd64/jre --enable-java-home --with-jvm-root-dir=/usr/lib/jvm/java-1.5.0-gcj-5-amd64 --with-jvm-jar-dir=/usr/lib/jvm-exports/java-1.5.0-gcj-5-amd64 --with-arch-directory=amd64 --with-ecj-jar=/usr/share/java/eclipse-ecj.jar --enable-objc-gc --enable-multiarch --disable-werror --with-arch-32=i686 --with-abi=m64 --with-multilib-list=m32,m64,mx32 --enable-multilib --with-tune=generic --enable-checking=release --build=x86_64-linux-gnu --host=x86_64-linux-gnu --target=x86_64-linux-gnu
Thread model: posix
gcc version 5.5.0 20171010 (Ubuntu 5.5.0-12ubuntu1~16.04) 
configure:2736: $? = 0
configure:2725: gcc -V >&5
gcc: error: unrecognized command line option '-V'
gcc: fatal error: no input files
compilation terminated.
configure:2736: $? = 1
configure:2725: gcc -qversion >&5
gcc: error: unrecognized command line option '-qversion'
gcc: fatal error: no input files
compilation terminated.
configure:2736: $? = 1
configure:2741: checking for suffix of object files
configure:2763: gcc -c -O2 -U_FORTIFY_SOURCE -fno-stack-protector  conftest.c >&5
configure:2767: $? = 0
configure:2788: result: o
configure:2792: checking whether we are using the GNU C compiler
configure:2811: gcc -c -O2 -U_FORTIFY_SOURCE -fno-stack-protector  conftest.c >&5
configure:2811: $? = 0
configure:2820: result: yes
configure:2829: checking whether gcc accepts -g
configure:2849: gcc -c -g  conftest.c >&5
configure:2849: $? = 0
configure:2890: result: yes
configure:3026: checking for g++
configure:3042: found /usr/bin/g++
configure:3053: result: g++
configure:3080: checking for C++ compiler version
configure:3089: g++ --version >&5
g++ (Ubuntu 5.5.0-12ubuntu1~16.04) 5.5.0 20171010
Copyright (C) 2015 Free Software Foundation, Inc.
This is free software; see the source for copying conditions.  There is NO
warranty; not even for MERCHANTABILITY or FITNESS FOR A PARTICULAR PURPOSE.

configure:3100: $? = 0
configure:3089: g++ -v >&5
Using built-in specs.
COLLECT_GCC=g++
COLLECT_LTO_WRAPPER=/usr/lib/gcc/x86_64-linux-gnu/5/lto-wrapper
Target: x86_64-linux-gnu
Configured with: ../src/configure -v --with-pkgversion='Ubuntu 5.5.0-12ubuntu1~16.04' --with-bugurl=file:///usr/share/doc/gcc-5/README.Bugs --enable-languages=c,ada,c++,java,go,d,fortran,objc,obj-c++ --prefix=/usr --program-suffix=-5 --enable-shared --enable-linker-build-id --libexecdir=/usr/lib --without-included-gettext --enable-threads=posix --libdir=/usr/lib --enable-nls --with-sysroot=/ --enable-clocale=gnu --enable-libstdcxx-debug --enable-libstdcxx-time=yes --with-default-libstdcxx-abi=new --enable-gnu-unique-object --disable-vtable-verify --enable-libmpx --enable-plugin --with-system-zlib --disable-browser-plugin --enable-java-awt=gtk --enable-gtk-cairo --with-java-home=/usr/lib/jvm/java-1.5.0-gcj-5-amd64/jre --enable-java-home --with-jvm-root-dir=/usr/lib/jvm/java-1.5.0-gcj-5-amd64 --with-jvm-jar-dir=/usr/lib/jvm-exports/java-1.5.0-gcj-5-amd64 --with-arch-directory=amd64 --with-ecj-jar=/usr/share/java/eclipse-ecj.jar --enable-objc-gc --enable-multiarch --disable-werror --with-arch-32=i686 --with-abi=m64 --with-multilib-list=m32,m64,mx32 --enable-multilib --with-tune=generic --enable-checking=release --build=x86_64-linux-gnu --host=x86_64-linux-gnu --target=x86_64-linux-gnu
Thread model: posix
gcc version 5.5.0 20171010 (Ubuntu 5.5.0-12ubuntu1~16.04) 
configure:3100: $? = 0
configure:3089: g++ -V >&5
g++: error: unrecognized command line option '-V'
g++: fatal error: no input files
compilation terminated.
configure:3100: $? = 1
configure:3089: g++ -qversion >&5
g++: error: unrecognized command line option '-qversion'
g++: fatal error: no input files
compilation terminated.
configure:3100: $? = 1
configure:3104: checking whether we are using the GNU C++ compiler
configure:3123: g++ -c   conftest.cpp >&5
configure:3123: $? = 0
configure:3132: result: yes
configure:3141: checking whether g++ accepts -g
configure:3161: g++ -c -g  conftest.cpp >&5
configure:3161: $? = 0
configure:3202: result: yes
configure:3268: checking for readelf
configure:3284: found /usr/bin/readelf
configure:3295: result: readelf
configure:3792: checking for sysdeps preconfigure fragments
configure:9: checking whether gcc compiles in -mx32 mode by default
configure:27: gcc -c -O2 -U_FORTIFY_SOURCE -fno-stack-protector  conftest.c >&5
conftest.c:12:3: error: #error not x32
 # error not x32
   ^
configure:27: $? = 1
configure: failed program was:
| /* confdefs.h */
| #define PACKAGE_NAME "GNU C Library"
| #define PACKAGE_TARNAME "glibc"
| #define PACKAGE_VERSION "(see version.h)"
| #define PACKAGE_STRING "GNU C Library (see version.h)"
| #define PACKAGE_BUGREPORT "http://sourceware.org/bugzilla/"
| #define PACKAGE_URL "http://www.gnu.org/software/glibc/"
| #define PKGVERSION "(GNU libc) "
| #define REPORT_BUGS_TO "<http://www.gnu.org/software/libc/bugs.html>"
| /* end confdefs.h.  */
| #ifndef __ILP32__
| # error not x32
| #endif
| int
| main ()
| {
| 
|   ;
|   return 0;
| }
configure:34: result: no
configure:3799: result: 
configure:3873: running configure fragment for add-on nptl
configure:4009: checking for assembler and linker STT_GNU_IFUNC support

Relocation section '.rela.plt' at offset 0x110 contains 1 entries:
  Offset          Info           Type           Sym. Value    Sym. Name + Addend
000000600140  000000000025 R_X86_64_IRELATIV                    400140
configure:4040: result: yes
configure:4043: checking whether .text pseudo-op must be used
configure:4053: gcc  -c conftest.s 1>&5
configure:4056: $? = 0
configure:4067: result: yes
configure:4086: checking sysdep dirs
configure:4306: result: sysdeps/generic
configure:4383: checking for a BSD-compatible install
configure:4451: result: /usr/bin/install -c
configure:4466: checking whether ln -s works
configure:4470: result: yes
configure:4494: checking whether as is GNU as
configure:4508: result: yes
configure:4513: checking whether ld is GNU ld
configure:4527: result: yes
configure:4537: checking for as
configure:4564: result: as
configure:4579: checking version of as
configure:4589: result: 2.26.1, ok
configure:4600: checking for ld
configure:4627: result: ld
configure:4642: checking version of ld
configure:4652: result: 2.26.1, ok
configure:4666: checking for gcc
configure:4693: result: gcc
configure:4708: checking version of gcc
configure:4718: result: 5.5.0, ok
configure:4729: checking for gnumake
configure:4759: result: no
configure:4729: checking for gmake
configure:4759: result: no
configure:4729: checking for make
configure:4745: found /usr/bin/make
configure:4756: result: make
configure:4771: checking version of make
configure:4781: result: 4.1, ok
configure:4793: checking for gnumsgfmt
configure:4823: result: no
configure:4793: checking for gmsgfmt
configure:4823: result: no
configure:4793: checking for msgfmt
configure:4809: found /usr/bin/msgfmt
configure:4820: result: msgfmt
configure:4835: checking version of msgfmt
configure:4845: result: 0.19.7, ok
configure:4856: checking for makeinfo
configure:4872: found /usr/local/bin/makeinfo
configure:4883: result: makeinfo
configure:4898: checking version of makeinfo
configure:4908: result: 4.13, ok
configure:4919: checking for sed
configure:4935: found /bin/sed
configure:4946: result: sed
configure:4961: checking version of sed
configure:4971: result: 4.2.2, ok
configure:4982: checking for gawk
configure:4998: found /usr/bin/gawk
configure:5009: result: gawk
configure:5024: checking version of gawk
configure:5034: result: 4.1.3, ok
configure:5085: checking for nm
configure:5101: found /usr/bin/nm
configure:5112: result: nm
configure:5248: checking LD_LIBRARY_PATH variable
configure:5258: result: ok
configure:5267: checking whether GCC supports -static-libgcc
configure:5278: result: -static-libgcc
configure:5284: checking for bash
configure:5302: found /bin/bash
configure:5315: result: /bin/bash
configure:5388: checking for perl
configure:5406: found /usr/bin/perl
configure:5419: result: /usr/bin/perl
configure:5433: checking for install-info
configure:5452: found /usr/local/bin/install-info
configure:5465: result: /usr/local/bin/install-info
configure:5475: checking for bison
configure:5494: found /usr/bin/bison
configure:5507: result: /usr/bin/bison
configure:5516: checking for libc-friendly stddef.h
configure:5540: gcc -c -O2 -U_FORTIFY_SOURCE -fno-stack-protector  conftest.c >&5
conftest.c: In function 'main':
conftest.c:24:38: warning: implicit declaration of function 'abort' [-Wimplicit-function-declaration]
 if (&size == NULL || &wchar == NULL) abort ();
                                      ^
conftest.c:24:38: warning: incompatible implicit declaration of built-in function 'abort'
conftest.c:24:38: note: include '<stdlib.h>' or provide a declaration of 'abort'
configure:5540: $? = 0
configure:5547: result: yes
configure:5554: checking whether we need to use -P to assemble .S files
configure:5564: gcc   -c conftest.S 1>&5
configure:5567: $? = 0
configure:5575: result: no
configure:5582: checking for .set assembler directive
configure:5608: result: yes
configure:5615: checking for assembler gnu_unique_object symbol type
configure:5632: result: yes
configure:5639: checking for .previous assembler directive
configure:5649: gcc -c  conftest.s 1>&5
configure:5652: $? = 0
configure:5660: result: yes
configure:5694: checking for .protected and .hidden assembler directive
configure:5706: gcc -c  conftest.s 1>&5
configure:5709: $? = 0
configure:5717: result: yes
configure:5721: checking whether __attribute__((visibility())) is supported
configure:5732: gcc -Werror -S conftest.c -o conftest.s 1>&5
configure:5735: $? = 0
configure:5746: result: yes
configure:5754: checking for broken __attribute__((visibility()))
configure:5766: gcc -Werror -S conftest.c -o conftest.s 1>&5
configure:5769: $? = 0
configure:5778: result: no
configure:5785: checking for broken __attribute__((alias()))
configure:5800: gcc -Werror -S conftest.c -o conftest.s 1>&5
configure:5803: $? = 0
configure:5813: result: no
configure:5820: checking whether to put _rtld_local into .sdata section
configure:5834: result: no
configure:5842: checking for .preinit_array/.init_array/.fini_array support
configure:5858: gcc -O2 -U_FORTIFY_SOURCE -fno-stack-protector   -o conftest
		       conftest.c -static -nostartfiles -nostdlib
		       1>&5
configure:5861: $? = 0
configure:5874: result: yes
configure:5880: checking whether to use .ctors/.dtors header and trailer
configure:5897: gcc -O2 -U_FORTIFY_SOURCE -fno-stack-protector   -o conftest
		       conftest.c -static -nostartfiles -nostdlib
		       1>&5
configure:5900: $? = 0
configure:5926: result: no
configure:5933: checking for libunwind-support in compiler
configure:5950: result: no
configure:5958: checking for linker that supports -z nodelete
configure:5971: gcc -O2 -U_FORTIFY_SOURCE -fno-stack-protector  
				-Wl,--enable-new-dtags,-z,nodelete -nostdlib -nostartfiles
				-fPIC -shared -o conftest.so conftest.c
				1>&5
configure:5974: $? = 0
configure:5987: result: yes
configure:5990: checking for linker that supports -z nodlopen
configure:6003: gcc -O2 -U_FORTIFY_SOURCE -fno-stack-protector  
				-Wl,--enable-new-dtags,-z,nodlopen -nostdlib -nostartfiles
				-fPIC -shared -o conftest.so conftest.c
				1>&5
configure:6006: $? = 0
configure:6019: result: yes
configure:6022: checking for linker that supports -z initfirst
configure:6035: gcc -O2 -U_FORTIFY_SOURCE -fno-stack-protector  
				-Wl,--enable-new-dtags,-z,initfirst -nostdlib -nostartfiles
				-fPIC -shared -o conftest.so conftest.c
				1>&5
configure:6038: $? = 0
configure:6051: result: yes
configure:6069: checking for -z relro option
configure:6110: gcc -O2 -U_FORTIFY_SOURCE -fno-stack-protector  
		    -fPIC -shared -o conftest.so conftest.c
		    -nostartfiles -nostdlib
		    -Wl,-z,relro 1>&5
configure:6113: $? = 0
configure:6116: readelf -Wl conftest.so > conftest.ph
configure:6119: $? = 0
configure:6125: 
      gawk -v commonpagesize=0x1000 -f conftest.awk
	   conftest.ph > conftest.cps
    
LINE: 
LINE: Elf file type is DYN (Shared object file)
LINE: Entry point 0x360
LINE: There are 7 program headers, starting at offset 64
LINE: 
LINE: Program Headers:
LINE:   Type           Offset   VirtAddr           PhysAddr           FileSiz  MemSiz   Flg Align
LINE:   LOAD           0x000000 0x0000000000000000 0x0000000000000000 0x0003b0 0x0003b0 R E 0x200000
LINE:   LOAD           0x000f00 0x0000000000200f00 0x0000000000200f00 0x040100 0x040100 RW  0x200000
LINE:   DYNAMIC        0x000f18 0x0000000000200f18 0x0000000000200f18 0x0000e0 0x0000e0 RW  0x8
LINE:   NOTE           0x0001c8 0x00000000000001c8 0x00000000000001c8 0x000024 0x000024 R   0x4
LINE:   GNU_EH_FRAME   0x000368 0x0000000000000368 0x0000000000000368 0x000014 0x000014 R   0x4
LINE:   GNU_STACK      0x000000 0x0000000000000000 0x0000000000000000 0x000000 0x000000 RW  0x10
LINE:   GNU_RELRO      0x000f00 0x0000000000200f00 0x0000000000200f00 0x000100 0x000100 R   0x1
vaddr 0x200f00 memsz 0x100 end 0x201000 commonpagesize 0x1000
LINE: 
LINE:  Section to Segment mapping:
LINE:   Segment Sections...
LINE:    00     .note.gnu.build-id .gnu.hash .dynsym .dynstr .rela.dyn .text .eh_frame_hdr .eh_frame 
LINE:    01     .data.rel.ro .dynamic .data 
LINE:    02     .dynamic 
LINE:    03     .note.gnu.build-id 
LINE:    04     .eh_frame_hdr 
LINE:    05     
LINE:    06     .data.rel.ro .dynamic 
configure:6128: $? = 0
configure:6133: result: yes
configure:6146: checking for -Bgroup option
configure:6157: gcc -O2 -U_FORTIFY_SOURCE -fno-stack-protector  
			    -fPIC -shared -o conftest.so conftest.c
			    -Wl,-Bgroup -nostdlib 1>&5
configure:6160: $? = 0
configure:6169: result: yes
configure:6174: checking whether --noexecstack is desirable for .S files
configure:6184: gcc -O2 -U_FORTIFY_SOURCE -fno-stack-protector 
		   -S -o conftest.s conftest.c 1>&5
configure:6187: $? = 0
configure:6192: gcc  -Wa,--noexecstack
		      -c -o conftest.o conftest.s 1>&5
configure:6195: $? = 0
configure:6204: result: yes
configure:6211: checking for -z combreloc
configure:6225: gcc -O2 -U_FORTIFY_SOURCE -fno-stack-protector  
			-fPIC -shared -o conftest.so conftest.c
			-nostdlib -nostartfiles
			-Wl,-z,combreloc 1>&5
configure:6228: $? = 0
configure:6241: result: yes
configure:6249: checking for linker that supports -z execstack
configure:6262: gcc -O2 -U_FORTIFY_SOURCE -fno-stack-protector  
				-Wl,-z,execstack -nostdlib -nostartfiles
				-fPIC -shared -o conftest.so conftest.c
				1>&5
configure:6265: $? = 0
configure:6278: result: yes
configure:6282: checking for -fpie
configure:6288: gcc -fpie -xc /dev/null -S -o /dev/null
configure:6291: $? = 0
configure:6299: result: yes
configure:6304: checking for --hash-style option
configure:6315: gcc -O2 -U_FORTIFY_SOURCE -fno-stack-protector  
			    -fPIC -shared -o conftest.so conftest.c
			    -Wl,--hash-style=both -nostdlib 1>&5
configure:6318: $? = 0
configure:6327: result: yes
configure:6335: checking for sufficient default -shared layout
configure:6354:   gcc  -shared -o conftest.so conftest.s 1>&5
configure:6357: $? = 0
nono from:

NOTE .note.gnu.build-i
GNU_HASH .gnu.hash
DYNSYM .dynsym
STRTAB .dynstr
RELA .rela.dyn
PROGBITS .init
PROGBITS .plt
PROGBITS .plt.got
PROGBITS .text
PROGBITS .fini
NOTE .note.a
NOTE .note.b
PROGBITS .eh_frame
INIT_ARRAY .init_array
FINI_ARRAY .fini_array
PROGBITS .jcr
DYNAMIC .dynamic
PROGBITS .got
PROGBITS .got.plt
PROGBITS .data
NOBITS .bss
PROGBITS .comment
STRTAB .shstrtab
SYMTAB .symtab
STRTAB .strtab
configure:6389: result: no
configure:6394: checking linker output format
configure:6408: result: elf64-x86-64
configure:6412: checking for -fno-toplevel-reorder -fno-section-anchors
configure:6422: gcc -O2 -U_FORTIFY_SOURCE -fno-stack-protector  -S -fno-toplevel-reorder -fno-section-anchors
			    conftest.c 1>&5
configure:6425: $? = 0
configure:6434: result: yes
configure:6443: checking for -fstack-protector
configure:6449: gcc -O2 -U_FORTIFY_SOURCE -fno-stack-protector  -Werror -fstack-protector -xc /dev/null -S -o /dev/null
configure:6452: $? = 0
configure:6460: result: yes
configure:6464: checking for -fgnu89-inline
configure:6479: gcc -O2 -U_FORTIFY_SOURCE -fno-stack-protector  -S -std=gnu99 -fgnu89-inline
			    -o conftest.s conftest.c 1>&5
conftest.c:3:1: warning: return type defaults to 'int' [-Wimplicit-int]
 main () { return 0;}
 ^
configure:6482: $? = 0
configure:6491: result: yes
configure:6500: checking whether cc puts quotes around section names
configure:6521: result: no
configure:6528: checking for assembler .weak directive
configure:6541: gcc  -c conftest.s 1>&5
configure:6544: $? = 0
configure:6552: result: yes
configure:6595: checking whether CFI directives are supported
configure:6614: gcc  -c conftest.s 1>&5
configure:6617: $? = 0
configure:6625: result: yes
configure:6632: checking for ld --no-whole-archive
configure:6645: gcc -O2 -U_FORTIFY_SOURCE -fno-stack-protector  
			    -nostdlib -nostartfiles -Wl,--no-whole-archive
			    -o conftest conftest.c 1>&5
conftest.c:1:1: warning: return type defaults to 'int' [-Wimplicit-int]
 _start () {}
 ^
conftest.c:3:1: warning: return type defaults to 'int' [-Wimplicit-int]
 __throw () {}
 ^
configure:6648: $? = 0
configure:6656: result: yes
configure:6662: checking for gcc -fexceptions
configure:6675: gcc -O2 -U_FORTIFY_SOURCE -fno-stack-protector  
			    -nostdlib -nostartfiles -fexceptions
			    -o conftest conftest.c 1>&5
conftest.c:1:1: warning: return type defaults to 'int' [-Wimplicit-int]
 _start () {}
 ^
conftest.c:3:1: warning: return type defaults to 'int' [-Wimplicit-int]
 __throw () {}
 ^
configure:6678: $? = 0
configure:6686: result: yes
configure:6726: checking for __builtin_memset
configure:6738: gcc -O3 -S conftest.c -o - | fgrep memset > /dev/null
configure:6741: $? = 1
configure:6750: result: yes
configure:6757: checking for redirection of built-in functions
configure:6770: gcc -O3 -S conftest.c -o - | fgrep my_strstr > /dev/null
configure:6773: $? = 0
configure:6782: result: yes
configure:6788: checking for __thread
configure:6797: gcc -O2 -U_FORTIFY_SOURCE -fno-stack-protector  -c conftest.c >&5
configure:6800: $? = 0
configure:6808: result: yes
configure:6814: checking for tls_model attribute
configure:6823: gcc -O2 -U_FORTIFY_SOURCE -fno-stack-protector  -S -Werror conftest.c >&5
configure:6826: $? = 0
configure:6834: result: yes
configure:6840: checking for compiler option to disable generation of FMA instructions
configure:6848: gcc -ffp-contract=off -xc /dev/null -S -o /dev/null
configure:6851: $? = 0
configure:6857: result: -ffp-contract=off
configure:6890: checking if gcc accepts -fno-tree-loop-distribute-patterns with __attribute__ ((__optimize__))
configure:6903: gcc -O2 -U_FORTIFY_SOURCE -fno-stack-protector  -c conftest.c
configure:6906: $? = 0
configure:6913: result: yes
configure:6921: checking for libgd
configure:6941: gcc -o conftest -O2 -U_FORTIFY_SOURCE -fno-stack-protector     conftest.c  -lgd -lpng -lz -lm >&5
conftest.c:21:16: fatal error: gd.h: No such file or directory
compilation terminated.
configure:6941: $? = 1
configure: failed program was:
| /* confdefs.h */
| #define PACKAGE_NAME "GNU C Library"
| #define PACKAGE_TARNAME "glibc"
| #define PACKAGE_VERSION "(see version.h)"
| #define PACKAGE_STRING "GNU C Library (see version.h)"
| #define PACKAGE_BUGREPORT "http://sourceware.org/bugzilla/"
| #define PACKAGE_URL "http://www.gnu.org/software/glibc/"
| #define PKGVERSION "(GNU libc) "
| #define REPORT_BUGS_TO "<http://www.gnu.org/software/libc/bugs.html>"
| #define USE_MULTIARCH 1
| #define HAVE_ASM_SET_DIRECTIVE 1
| #define HAVE_ASM_UNIQUE_OBJECT 1
| #define HAVE_ASM_PREVIOUS_DIRECTIVE 1
| #define NO_CTORS_DTORS_SECTIONS 1
| #define HAVE_Z_COMBRELOC 1
| #define HAVE_ASM_WEAK_DIRECTIVE 1
| #define HAVE_ASM_CFI_DIRECTIVES 1
| #define HAVE_BUILTIN_MEMSET 1
| #define HAVE_CC_INHIBIT_LOOP_TO_LIBCALL 1
| /* end confdefs.h.  */
| #include <gd.h>
| int
| main ()
| {
| gdImagePng (0, 0)
|   ;
|   return 0;
| }
configure:6954: result: no
configure:7153: checking size of long double
configure:7158: gcc -o conftest -O2 -U_FORTIFY_SOURCE -fno-stack-protector   conftest.c  >&5
configure:7158: $? = 0
configure:7158: ./conftest
configure:7158: $? = 0
configure:7172: result: 16
configure:7186: checking for _FORTIFY_SOURCE predefine
configure:7205: gcc -c -O2 -U_FORTIFY_SOURCE -fno-stack-protector  conftest.c >&5
configure:7205: $? = 0
configure:7212: result: no
configure:7219: checking whether gcc implicitly enables -fstack-protector
configure:7236: gcc -c -O2 -U_FORTIFY_SOURCE -fno-stack-protector  conftest.c >&5
configure:7236: $? = 0
libc_undefs='foobar'
configure:7263: result: no
configure:7290: result: running configure fragment for nptl/sysdeps/pthread
configure:21: checking for forced unwind support
configure:40: gcc -c -O2 -U_FORTIFY_SOURCE -fno-stack-protector  conftest.c >&5
configure:40: $? = 0
configure:47: result: yes
configure:54: checking for C cleanup handling
configure:74: gcc -c -O2 -U_FORTIFY_SOURCE -fno-stack-protector -Werror -fexceptions  conftest.c >&5
configure:74: $? = 0
configure:81: result: yes
configure:7290: result: running configure fragment for sysdeps/unix/sysv/linux
configure:45: checking for grep that handles long lines and -e
configure:103: result: /bin/grep
configure:108: checking for egrep
configure:170: result: /bin/grep -E
configure:175: checking installed Linux kernel header files
configure:196: result: 2.6.19 or later
configure:266: checking for kernel header at least 2.6.16
configure:285: result: ok
configure:303: checking for linux/fanotify.h
configure:303: gcc -c -O2 -U_FORTIFY_SOURCE -fno-stack-protector  conftest.c >&5
configure:303: $? = 0
configure:303: result: yes
configure:401: checking for symlinks in /home/sekwon/strata_sekwon/shim/glibc-build/include
configure:418: result: ok
configure:7290: result: running configure fragment for sysdeps/gnu
configure:7290: result: running configure fragment for nptl/sysdeps/x86_64
configure:4: checking for .cfi_personality and .cfi_lsda pseudo-ops
configure:18: gcc  -c conftest.s 1>&5
configure:21: $? = 0
configure:30: result: yes
configure:7290: result: running configure fragment for sysdeps/x86_64
configure:36: checking for cpuid.h
configure:36: gcc -c -O2 -U_FORTIFY_SOURCE -fno-stack-protector  conftest.c >&5
configure:36: $? = 0
configure:36: result: yes
configure:46: checking for SSE4 support
configure:52: gcc -msse4 -xc /dev/null -S -o /dev/null
configure:55: $? = 0
configure:63: result: yes
configure:72: checking for AVX support
configure:78: gcc -mavx -xc /dev/null -S -o /dev/null
configure:81: $? = 0
configure:89: result: yes
configure:98: checking for AVX encoding of SSE instructions
configure:104: gcc -msse2avx -xc /dev/null -S -o /dev/null
configure:107: $? = 0
configure:115: result: yes
configure:124: checking for FMA4 support
configure:130: gcc -mfma4 -xc /dev/null -S -o /dev/null
configure:133: $? = 0
configure:141: result: yes
configure:150: checking for -mno-vzeroupper support
configure:156: gcc -mno-vzeroupper -xc /dev/null -S -o /dev/null
configure:159: $? = 0
configure:167: result: yes
configure:7322: checking for old glibc 2.0.x headers
configure:7330: result: no
configure:7358: checking whether -fPIC is default
configure:7374: result: no
configure:7508: creating ./config.status

## ---------------------- ##
## Running config.status. ##
## ---------------------- ##

This file was extended by GNU C Library config.status (see version.h), which was
generated by GNU Autoconf 2.68.  Invocation command line was

  CONFIG_FILES    = 
  CONFIG_HEADERS  = 
  CONFIG_LINKS    = 
  CONFIG_COMMANDS = 
  $ ./config.status 

on pune-lom

config.status:954: creating config.make
config.status:954: creating Makefile
config.status:954: creating config.h
config.status:1128: executing default commands

## ---------------- ##
## Cache variables. ##
## ---------------- ##

ac_cv_build=x86_64-unknown-linux-gnu
ac_cv_c_compiler_gnu=yes
ac_cv_cxx_compiler_gnu=yes
ac_cv_env_CCC_set=
ac_cv_env_CCC_value=
ac_cv_env_CC_set=
ac_cv_env_CC_value=
ac_cv_env_CFLAGS_set=set
ac_cv_env_CFLAGS_value='-O2 -U_FORTIFY_SOURCE -fno-stack-protector'
ac_cv_env_CPPFLAGS_set=
ac_cv_env_CPPFLAGS_value=
ac_cv_env_CPP_set=
ac_cv_env_CPP_value=
ac_cv_env_CXXFLAGS_set=
ac_cv_env_CXXFLAGS_value=
ac_cv_env_CXX_set=
ac_cv_env_CXX_value=
ac_cv_env_LDFLAGS_set=
ac_cv_env_LDFLAGS_value=
ac_cv_env_LIBS_set=
ac_cv_env_LIBS_value=
ac_cv_env_build_alias_set=
ac_cv_env_build_alias_value=
ac_cv_env_host_alias_set=
ac_cv_env_host_alias_value=
ac_cv_env_target_alias_set=
ac_cv_env_target_alias_value=
ac_cv_header_cpuid_h=yes
ac_cv_header_linux_fanotify_h=yes
ac_cv_host=x86_64-unknown-linux-gnu
ac_cv_objext=o
ac_cv_path_BASH_SHELL=/bin/bash
ac_cv_path_BISON=/usr/bin/bison
ac_cv_path_EGREP='/bin/grep -E'
ac_cv_path_GREP=/bin/grep
ac_cv_path_INSTALL_INFO=/usr/local/bin/install-info
ac_cv_path_PERL=/usr/bin/perl
ac_cv_path_install='/usr/bin/install -c'
ac_cv_prog_AS=as
ac_cv_prog_AWK=gawk
ac_cv_prog_CC=gcc
ac_cv_prog_LD=ld
ac_cv_prog_MAKE=make
ac_cv_prog_MAKEINFO=makeinfo
ac_cv_prog_MSGFMT=msgfmt
ac_cv_prog_SED=sed
ac_cv_prog_ac_ct_CC=gcc
ac_cv_prog_ac_ct_CXX=g++
ac_cv_prog_ac_ct_NM=nm
ac_cv_prog_ac_ct_READELF=readelf
ac_cv_prog_cc_g=yes
ac_cv_prog_cxx_g=yes
ac_cv_sizeof_long_double=16
libc_cv_Bgroup=yes
libc_cv_as_noexecstack=yes
libc_cv_asm_cfi_directives=yes
libc_cv_asm_cfi_personality=yes
libc_cv_asm_previous_directive=yes
libc_cv_asm_protected_directive=yes
libc_cv_asm_set_directive=yes
libc_cv_asm_unique_object=yes
libc_cv_asm_weak_directive=yes
libc_cv_broken_alias_attribute=no
libc_cv_broken_visibility_attribute=no
libc_cv_c_cleanup=yes
libc_cv_cc_avx=yes
libc_cv_cc_fma4=yes
libc_cv_cc_loop_to_function=yes
libc_cv_cc_nofma=-ffp-contract=off
libc_cv_cc_novzeroupper=yes
libc_cv_cc_sse2avx=yes
libc_cv_cc_sse4=yes
libc_cv_cc_with_libunwind=no
libc_cv_ctors_header=no
libc_cv_dot_text=.text
libc_cv_fno_toplevel_reorder=yes
libc_cv_forced_unwind=yes
libc_cv_fpie=yes
libc_cv_friendly_stddef=yes
libc_cv_gcc___thread=yes
libc_cv_gcc_builtin_memset=yes
libc_cv_gcc_builtin_redirection=yes
libc_cv_gcc_exceptions=yes
libc_cv_gcc_static_libgcc=-static-libgcc
libc_cv_gcc_tls_model_attr=yes
libc_cv_gcc_unwind_find_fde=no
libc_cv_gnu89_inline=yes
libc_cv_hashstyle=yes
libc_cv_have_bash2=yes
libc_cv_have_ksh=yes
libc_cv_have_sdata_section=no
libc_cv_have_section_quotes=no
libc_cv_idn=no
libc_cv_initfini_array=yes
libc_cv_ld_gnu_indirect_function=yes
libc_cv_ld_no_whole_archive=yes
libc_cv_linux2619='2.6.19 or later'
libc_cv_localstatedir='${prefix}/var'
libc_cv_need_minus_P=no
libc_cv_nss_crypt=no
libc_cv_output_format=elf64-x86-64
libc_cv_pic_default=no
libc_cv_predef_fortify_source=no
libc_cv_predef_stack_protector=no
libc_cv_prog_as_gnu=yes
libc_cv_prog_ld_gnu=yes
libc_cv_ssp=yes
libc_cv_sysconfdir='${prefix}/etc'
libc_cv_use_default_link=no
libc_cv_visibility_attribute=yes
libc_cv_x32=no
libc_cv_z_combreloc=yes
libc_cv_z_execstack=yes
libc_cv_z_initfirst=yes
libc_cv_z_nodelete=yes
libc_cv_z_nodlopen=yes
libc_cv_z_relro=yes

## ----------------- ##
## Output variables. ##
## ----------------- ##

AR='ar'
AS='as'
ASFLAGS_config=' -Wa,--noexecstack'
AUTOCONF='no'
AWK='gawk'
BASH_SHELL='/bin/bash'
BISON='/usr/bin/bison'
BUILD_CC=''
CC='gcc'
CFLAGS='-O2 -U_FORTIFY_SOURCE -fno-stack-protector'
CPP='gcc -E'
CPPFLAGS=''
CPPUNDEFS=''
CXX='g++'
CXXFLAGS='-g -O2'
CXX_SYSINCLUDES=''
DEFINES=''
DEFS='-DHAVE_CONFIG_H'
ECHO_C=''
ECHO_N='-n'
ECHO_T=''
INSTALL_DATA='${INSTALL} -m 644'
INSTALL_INFO='/usr/local/bin/install-info'
INSTALL_PROGRAM='${INSTALL}'
INSTALL_SCRIPT='${INSTALL}'
KSH='/bin/bash'
LD='ld'
LDFLAGS=''
LIBGD='no'
LIBOBJS=''
LIBS=''
LN_S='ln -s'
LTLIBOBJS=''
MAKE='make'
MAKEINFO='makeinfo'
MSGFMT='msgfmt'
NM='nm'
OBJCOPY='objcopy'
OBJDUMP='objdump'
OBJEXT='o'
PACKAGE_BUGREPORT='http://sourceware.org/bugzilla/'
PACKAGE_NAME='GNU C Library'
PACKAGE_STRING='GNU C Library (see version.h)'
PACKAGE_TARNAME='glibc'
PACKAGE_URL='http://www.gnu.org/software/glibc/'
PACKAGE_VERSION='(see version.h)'
PATH_SEPARATOR=':'
PERL='/usr/bin/perl'
PKGVERSION='(GNU libc) '
PKGVERSION_TEXI='(GNU libc) '
READELF='readelf'
RELEASE='stable'
REPORT_BUGS_TEXI='@uref{http://www.gnu.org/software/libc/bugs.html}'
REPORT_BUGS_TO='<http://www.gnu.org/software/libc/bugs.html>'
SED='sed'
SHELL='/bin/bash'
SYSINCLUDES=''
VERSION='2.19'
ac_ct_CC='gcc'
ac_ct_CXX='g++'
add_on_subdirs=''
add_ons='nptl'
all_warnings=''
base_machine='x86_64'
bindir='${exec_prefix}/bin'
bindnow='no'
build='x86_64-unknown-linux-gnu'
build_alias=''
build_cpu='x86_64'
build_nscd='no'
build_os='linux-gnu'
build_pt_chown='no'
build_vendor='unknown'
cross_compiling='no'
datadir='${datarootdir}'
datarootdir='${prefix}/share'
docdir='${datarootdir}/doc/${PACKAGE_TARNAME}'
dvidir='${docdir}'
exceptions='-fexceptions'
exec_prefix='${prefix}'
fno_unit_at_a_time='-fno-toplevel-reorder -fno-section-anchors'
force_install='yes'
gnu89_inline='-fgnu89-inline'
hardcoded_path_in_tests='no'
have_libaudit=''
have_libcap=''
have_selinux='no'
host='x86_64-unknown-linux-gnu'
host_alias=''
host_cpu='x86_64'
host_os='linux-gnu'
host_vendor='unknown'
htmldir='${docdir}'
includedir='${prefix}/include'
infodir='${datarootdir}/info'
ldd_rewrite_script='sysdeps/unix/sysv/linux/x86_64/ldd-rewrite.sed'
libc_cv_Bgroup='yes'
libc_cv_cc_loop_to_function='yes'
libc_cv_cc_nofma='-ffp-contract=off'
libc_cv_cc_submachine=''
libc_cv_cc_with_libunwind='no'
libc_cv_forced_unwind='yes'
libc_cv_fpie='yes'
libc_cv_gcc_static_libgcc='-static-libgcc'
libc_cv_gcc_unwind_find_fde='no'
libc_cv_hashstyle='yes'
libc_cv_have_bash2='yes'
libc_cv_have_ksh='yes'
libc_cv_localedir=''
libc_cv_localstatedir='${prefix}/var'
libc_cv_nss_crypt='no'
libc_cv_output_format='elf64-x86-64'
libc_cv_pic_default='no'
libc_cv_rootsbindir=''
libc_cv_rtlddir=''
libc_cv_slibdir=''
libc_cv_ssp='yes'
libc_cv_sysconfdir='${prefix}/etc'
libc_cv_z_combreloc='yes'
libc_cv_z_execstack='yes'
libc_extra_cflags=''
libdir='${exec_prefix}/lib'
libexecdir='${exec_prefix}/libexec'
link_obsolete_rpc='no'
localedir='${datarootdir}/locale'
localstatedir='${prefix}/var'
mach_interface_list=''
mandir='${datarootdir}/man'
multi_arch='default'
old_glibc_headers='no'
oldest_abi='default'
oldincludedir='/usr/include'
pdfdir='${docdir}'
prefix='/home/sekwon/strata_sekwon/shim/glibc-build'
profile='no'
program_transform_name='s,x,x,'
psdir='${docdir}'
sbindir='${exec_prefix}/sbin'
shared='yes'
sharedstatedir='${prefix}/com'
sizeof_long_double='16'
static=''
static_nss='no'
subdirs='  '
submachine=''
sysconfdir='${prefix}/etc'
sysdeps_add_ons=' nptl'
sysheaders=''
sysnames=' sysdeps/unix/sysv/linux/x86_64/64/nptl sysdeps/unix/sysv/linux/x86_64/64 nptl/sysdeps/unix/sysv/linux/x86_64 nptl/sysdeps/unix/sysv/linux/x86 sysdeps/unix/sysv/linux/x86 sysdeps/unix/sysv/linux/x86_64 sysdeps/unix/sysv/linux/wordsize-64 nptl/sysdeps/unix/sysv/linux nptl/sysdeps/pthread sysdeps/pthread sysdeps/unix/sysv/linux sysdeps/gnu sysdeps/unix/inet nptl/sysdeps/unix/sysv sysdeps/unix/sysv sysdeps/unix/x86_64 nptl/sysdeps/unix sysdeps/unix sysdeps/posix nptl/sysdeps/x86_64/64 sysdeps/x86_64/64 sysdeps/x86_64/fpu/multiarch sysdeps/x86_64/fpu sysdeps/x86/fpu sysdeps/x86_64/multiarch nptl/sysdeps/x86_64 sysdeps/x86_64 sysdeps/x86 sysdeps/ieee754/ldbl-96 sysdeps/ieee754/dbl-64/wordsize-64 sysdeps/ieee754/dbl-64 sysdeps/ieee754/flt-32 sysdeps/wordsize-64 sysdeps/ieee754 sysdeps/generic'
target_alias=''
use_default_link='no'
use_ldconfig='yes'
use_nscd='no'
with_fp='yes'

## ----------- ##
## confdefs.h. ##
## ----------- ##

/* confdefs.h */
#define PACKAGE_NAME "GNU C Library"
#define PACKAGE_TARNAME "glibc"
#define PACKAGE_VERSION "(see version.h)"
#define PACKAGE_STRING "GNU C Library (see version.h)"
#define PACKAGE_BUGREPORT "http://sourceware.org/bugzilla/"
#define PACKAGE_URL "http://www.gnu.org/software/glibc/"
#define PKGVERSION "(GNU libc) "
#define REPORT_BUGS_TO "<http://www.gnu.org/software/libc/bugs.html>"
#define USE_MULTIARCH 1
#define HAVE_ASM_SET_DIRECTIVE 1
#define HAVE_ASM_UNIQUE_OBJECT 1
#define HAVE_ASM_PREVIOUS_DIRECTIVE 1
#define NO_CTORS_DTORS_SECTIONS 1
#define HAVE_Z_COMBRELOC 1
#define HAVE_ASM_WEAK_DIRECTIVE 1
#define HAVE_ASM_CFI_DIRECTIVES 1
#define HAVE_BUILTIN_MEMSET 1
#define HAVE_CC_INHIBIT_LOOP_TO_LIBCALL 1
#define SIZEOF_LONG_DOUBLE 16
#define HAVE_FORCED_UNWIND 1
#define __LINUX_KERNEL_VERSION (2 * 65536 + 6 * 256 + 16)
#define __ABI_TAG_VERSION 2,6,16
#define HAVE_LINUX_FANOTIFY_H 1
#define HAVE_INLINED_SYSCALLS 1
#define HAVE_SSE4_SUPPORT 1
#define HAVE_AVX_SUPPORT 1
#define HAVE_SSE2AVX_SUPPORT 1
#define HAVE_FMA4_SUPPORT 1
#define PI_STATIC_AND_HIDDEN 1
#define HAVE_IFUNC 1
#define USE_LDCONFIG 1

configure: exit 0
